#-----------------------------------------------------------
# Vivado v2021.1 (64-bit)
# SW Build 3247384 on Thu Jun 10 19:36:07 MDT 2021
# IP Build 3246043 on Fri Jun 11 00:30:35 MDT 2021
# Start of session at: Sun Sep 24 20:19:34 2023
# Process ID: 17651
# Current directory: /mnt/ncsudrive/i/immoghul/Programming/ECE564/HW4
# Command line: vivado
# Log file: /mnt/ncsudrive/i/immoghul/Programming/ECE564/HW4/vivado.log
# Journal file: /mnt/ncsudrive/i/immoghul/Programming/ECE564/HW4/vivado.jou
#-----------------------------------------------------------
start_gui
open_project /mnt/ncsudrive/i/immoghul/Programming/ECE564/HW4/counter/counter.xpr
WARNING: [filemgmt 56-3] Default IP Output Path : Could not find the directory '/mnt/ncsudrive/i/immoghul/Programming/ECE564/HW4/counter/counter.gen/sources_1'.
Scanning sources...
Finished scanning sources
INFO: [IP_Flow 19-234] Refreshing IP repositories
INFO: [IP_Flow 19-1704] No user IP repositories specified
INFO: [IP_Flow 19-2313] Loaded Vivado IP repository '/mnt/apps/public/COE/xilinx2021.1/Vivado/2021.1/data/ip'.
INFO: [IP_Flow 19-3899] Cannot get the environment domain name variable for the component vendor name. Setting the vendor name to 'user.org'.
open_project: Time (s): cpu = 00:00:21 ; elapsed = 00:00:22 . Memory (MB): peak = 0.000 ; gain = 0.000 ; free physical = 83075 ; free virtual = 170846
update_compile_order -fileset sources_1
export_ip_user_files -of_objects  [get_files /mnt/ncsudrive/i/immoghul/Programming/ECE564/HW4/counter/counter.v] -no_script -reset -force -quiet
remove_files  /mnt/ncsudrive/i/immoghul/Programming/ECE564/HW4/counter/counter.v
file mkdir /mnt/ncsudrive/i/immoghul/Programming/ECE564/HW4/counter/counter.srcs/sources_1/new
close [ open /mnt/ncsudrive/i/immoghul/Programming/ECE564/HW4/counter/counter.srcs/sources_1/new/counter.v w ]
add_files /mnt/ncsudrive/i/immoghul/Programming/ECE564/HW4/counter/counter.srcs/sources_1/new/counter.v
close [ open /mnt/ncsudrive/i/immoghul/Programming/ECE564/HW4/counter/counter.srcs/sources_1/new/top.v w ]
add_files /mnt/ncsudrive/i/immoghul/Programming/ECE564/HW4/counter/counter.srcs/sources_1/new/top.v
add_files: Time (s): cpu = 00:00:00.21 ; elapsed = 00:00:07 . Memory (MB): peak = 0.000 ; gain = 0.000 ; free physical = 83939 ; free virtual = 171757
update_compile_order -fileset sources_1
export_ip_user_files -of_objects  [get_files /mnt/ncsudrive/i/immoghul/Programming/ECE564/HW4/counter/counter.srcs/sources_1/new/top.v] -no_script -reset -force -quiet
remove_files  /mnt/ncsudrive/i/immoghul/Programming/ECE564/HW4/counter/counter.srcs/sources_1/new/top.v
remove_files: Time (s): cpu = 00:00:00.31 ; elapsed = 00:00:05 . Memory (MB): peak = 0.000 ; gain = 0.000 ; free physical = 83926 ; free virtual = 171741
file delete -force /mnt/ncsudrive/i/immoghul/Programming/ECE564/HW4/counter/counter.srcs/sources_1/new/top.v
