#------------------------------------------------------------
#
# Basic Synthesis Script (TCL format)
#                                  
# Revision History                
#   1/15/03  : Author Shane T. Gehring - from class example
#   2/09/07  : Author Zhengtao Yu      - from class example
#   12/14/07 : Author Ravi Jenkal      - updated to 180 nm & tcl
#
#------------------------------------------------------------
#---------------------------------------------------------
# Read in Verilog file and map (synthesize) onto a generic
# library.
# MAKE SURE THAT YOU CORRECT ALL WARNINGS THAT APPEAR
# during the execution of the read command are fixed 
# or understood to have no impact.
# ALSO CHECK your latch/flip-flop list for unintended 
# latches                                            
#---------------------------------------------------------
read_verilog -rtl $::env(RTL_FILES)
Error: Required argument 'file_list' was not found (CMD-007)
read_sverilog -rtl $::env(RTL_SV_FILES)
Loading db file '/mnt/coe/workspace/ece/ece720-common/tech/nangate/NangateOpenCellLibrary_PDKv1_2_v2008_10/liberty/520/NangateOpenCellLibrary_PDKv1_2_v2008_10_slow_nldm.db'
Loading db file '/mnt/apps/public/COE/synopsys_apps/syn/T-2022.03-SP4/libraries/syn/dw_foundation.sldb'
Loading db file '/mnt/apps/public/COE/synopsys_apps/syn/T-2022.03-SP4/libraries/syn/gtech.db'
Loading db file '/mnt/apps/public/COE/synopsys_apps/syn/T-2022.03-SP4/libraries/syn/standard.sldb'
  Loading link library 'NangateOpenCellLibrary_PDKv1_2_v2008_10_slow_nldm'
  Loading link library 'gtech'
Loading sverilog file '/mnt/ncsudrive/i/immoghul/Programming/ECE564/HW6/rtl/dut.sv'
Running PRESTO HDLC
Compiling source file /mnt/ncsudrive/i/immoghul/Programming/ECE564/HW6/rtl/dut.sv
Warning: Could not open default SVF file /mnt/ncsudrive/i/immoghul/Programming/ECE564/HW6/synthesis/svf/default.svf for writing.

Statistics for case statements in always block at line 74 in file
	'/mnt/ncsudrive/i/immoghul/Programming/ECE564/HW6/rtl/dut.sv'
===============================================
|           Line           |  full/ parallel  |
===============================================
|            80            |    auto/auto     |
===============================================

Inferred memory devices in process
	in routine MyDesign line 68 in file
		'/mnt/ncsudrive/i/immoghul/Programming/ECE564/HW6/rtl/dut.sv'.
===============================================================================
|    Register Name    |   Type    | Width | Bus | MB | AR | AS | SR | SS | ST |
===============================================================================
|      state_reg      | Flip-flop |   2   |  Y  | N  | N  | N  | N  | N  | N  |
===============================================================================

Inferred memory devices in process
	in routine MyDesign line 123 in file
		'/mnt/ncsudrive/i/immoghul/Programming/ECE564/HW6/rtl/dut.sv'.
===============================================================================
|    Register Name    |   Type    | Width | Bus | MB | AR | AS | SR | SS | ST |
===============================================================================
|   addr_count_reg    | Flip-flop |  32   |  Y  | N  | N  | N  | N  | N  | N  |
===============================================================================

Inferred memory devices in process
	in routine MyDesign line 133 in file
		'/mnt/ncsudrive/i/immoghul/Programming/ECE564/HW6/rtl/dut.sv'.
===============================================================================
|    Register Name    |   Type    | Width | Bus | MB | AR | AS | SR | SS | ST |
===============================================================================
|  sram_address_reg   | Flip-flop |  16   |  Y  | N  | N  | N  | N  | N  | N  |
===============================================================================

Inferred memory devices in process
	in routine MyDesign line 142 in file
		'/mnt/ncsudrive/i/immoghul/Programming/ECE564/HW6/rtl/dut.sv'.
===============================================================================
|    Register Name    |   Type    | Width | Bus | MB | AR | AS | SR | SS | ST |
===============================================================================
|       sum_reg       | Flip-flop |  32   |  Y  | N  | N  | N  | N  | N  | N  |
===============================================================================
Presto compilation completed successfully.
Current design is now '/mnt/ncsudrive/i/immoghul/Programming/ECE564/HW6/rtl/MyDesign.db:MyDesign'
Loaded 1 design.
Current design is 'MyDesign'.
MyDesign
