Information: Updating design information... (UID-85)
 
****************************************
Report : timing
        -path full
        -delay max
        -max_paths 1
Design : MyDesign
Version: T-2022.03-SP4
Date   : Sat Nov  4 15:19:18 2023
****************************************

Operating Conditions: slow   Library: NangateOpenCellLibrary_PDKv1_2_v2008_10_slow_nldm
Wire Load Model Mode: top

  Startpoint: rdscratch_wrinp_reg
              (rising edge-triggered flip-flop clocked by clk)
  Endpoint: ALU/term3_q_reg[52]
            (rising edge-triggered flip-flop clocked by clk)
  Path Group: clk
  Path Type: max

  Point                                    Incr       Path
  -----------------------------------------------------------
  clock clk (rise edge)                  0.0000     0.0000
  clock network delay (ideal)            0.0000     0.0000
  rdscratch_wrinp_reg/CK (DFF_X1)        0.0000     0.0000 r
  rdscratch_wrinp_reg/Q (DFF_X1)         0.5972     0.5972 f
  U8889/ZN (NOR2_X2)                     0.7049     1.3022 r
  U8879/Z (BUF_X4)                       0.7343     2.0365 r
  U13455/ZN (NAND2_X1)                   0.1617     2.1982 f
  U13457/ZN (NAND2_X1)                   0.6735     2.8717 r
  U10676/ZN (INV_X1)                     0.3098     3.1815 f
  U13458/ZN (INV_X4)                     0.6278     3.8094 r
  U13581/ZN (NOR2_X1)                    0.2311     4.0405 f
  U8764/ZN (AND4_X1)                     0.3355     4.3760 f
  U8752/ZN (AND4_X1)                     0.3986     4.7746 f
  U8725/ZN (NAND2_X2)                    0.1348     4.9094 r
  U8707/ZN (NAND2_X2)                    0.1742     5.0837 f
  U8702/ZN (INV_X2)                      0.1756     5.2593 r
  U8700/ZN (INV_X4)                      0.1970     5.4563 f
  U13736/ZN (AOI21_X1)                   0.4010     5.8573 r
  U13737/ZN (OAI21_X1)                   0.1714     6.0288 f
  U13738/ZN (AOI21_X1)                   0.3749     6.4037 r
  U13739/ZN (OAI21_X1)                   0.1714     6.5751 f
  U8690/ZN (AOI21_X1)                    0.5871     7.1622 r
  U13745/CO (HA_X1)                      0.3496     7.5118 r
  U13744/S (FA_X1)                       0.7020     8.2138 f
  U13778/ZN (XNOR2_X1)                   0.3210     8.5348 f
  U27797/CO (FA_X1)                      0.6322     9.1669 f
  U27796/CO (FA_X1)                      0.5172     9.6842 f
  U27795/CO (FA_X1)                      0.5172    10.2014 f
  U27794/CO (FA_X1)                      0.5172    10.7187 f
  U27793/CO (FA_X1)                      0.5172    11.2359 f
  U27791/CO (FA_X1)                      0.5172    11.7532 f
  U27789/CO (FA_X1)                      0.5172    12.2704 f
  U27787/CO (FA_X1)                      0.5172    12.7876 f
  U27785/CO (FA_X1)                      0.5172    13.3049 f
  U27784/CO (FA_X1)                      0.5172    13.8221 f
  U22129/CO (FA_X1)                      0.4889    14.3110 f
  U13783/ZN (XNOR2_X1)                   0.3144    14.6254 f
  U13784/ZN (INV_X1)                     0.2658    14.8912 r
  U27803/ZN (AND2_X2)                    0.2984    15.1896 r
  U8660/ZN (OR2_X1)                      0.1629    15.3525 r
  U27806/ZN (NAND2_X1)                   0.0918    15.4443 f
  U54165/Z (XOR2_X1)                     0.3084    15.7527 f
  U54621/CO (FA_X1)                      0.5044    16.2571 f
  U54622/CO (FA_X1)                      0.5172    16.7744 f
  U54169/CO (FA_X1)                      0.5172    17.2916 f
  U54168/CO (FA_X1)                      0.5172    17.8089 f
  U54172/CO (FA_X1)                      0.5172    18.3261 f
  U54171/CO (FA_X1)                      0.5172    18.8434 f
  U54166/CO (FA_X1)                      0.5038    19.3471 f
  U8615/ZN (AND2_X2)                     0.1999    19.5470 f
  U8611/ZN (AND2_X2)                     0.2013    19.7483 f
  U8609/ZN (AND2_X2)                     0.2195    19.9678 f
  U54626/CO (HA_X1)                      0.2558    20.2236 f
  U54627/CO (HA_X1)                      0.2482    20.4718 f
  U54628/Z (XOR2_X1)                     0.1978    20.6696 r
  U54629/ZN (AOI211_X1)                  0.1859    20.8555 f
  U54832/ZN (NOR3_X1)                    0.2568    21.1123 r
  U54833/ZN (NAND2_X1)                   0.1520    21.2642 f
  U57397/ZN (OAI21_X1)                   0.2493    21.5136 r
  U57398/ZN (NAND2_X1)                   0.1261    21.6397 f
  U57399/ZN (NOR2_X1)                    1.0337    22.6734 r
  U58266/ZN (NAND2_X1)                   0.1448    22.8182 f
  U58267/ZN (XNOR2_X1)                   0.3158    23.1339 r
  U58268/ZN (INV_X1)                     0.0711    23.2050 f
  U58269/ZN (AOI21_X1)                   0.4131    23.6181 r
  U58272/ZN (NOR3_X1)                    0.1176    23.7357 f
  U58273/ZN (AOI211_X1)                  0.5647    24.3004 r
  U58274/ZN (AOI211_X1)                  0.2403    24.5407 f
  ALU/term3_q_reg[52]/D (DFF_X1)         0.0000    24.5407 f
  data arrival time                                24.5407

  clock clk (rise edge)                 25.0000    25.0000
  clock network delay (ideal)            0.0000    25.0000
  clock uncertainty                     -0.0500    24.9500
  ALU/term3_q_reg[52]/CK (DFF_X1)        0.0000    24.9500 r
  library setup time                    -0.3858    24.5642
  data required time                               24.5642
  -----------------------------------------------------------
  data required time                               24.5642
  data arrival time                               -24.5407
  -----------------------------------------------------------
  slack (MET)                                       0.0234


1
