#------------------------------------------------------------
#
# Basic Synthesis Script (TCL format)
#                                  
# Revision History                
#   1/15/03  : Author Shane T. Gehring - from class example
#   2/09/07  : Author Zhengtao Yu      - from class example
#   12/14/07 : Author Ravi Jenkal      - updated to 180 nm & tcl
#
#------------------------------------------------------------
#---------------------------------------------------------
# Read in Verilog file and map (synthesize) onto a generic
# library.
# MAKE SURE THAT YOU CORRECT ALL WARNINGS THAT APPEAR
# during the execution of the read command are fixed 
# or understood to have no impact.
# ALSO CHECK your latch/flip-flop list for unintended 
# latches                                            
#---------------------------------------------------------
read_verilog -rtl $::env(RTL_FILES)
Loading db file '/mnt/coe/workspace/ece/ece720-common/tech/nangate/NangateOpenCellLibrary_PDKv1_2_v2008_10/liberty/520/NangateOpenCellLibrary_PDKv1_2_v2008_10_slow_nldm.db'
Loading db file '/mnt/apps/public/COE/synopsys_apps/syn/T-2022.03-SP4/libraries/syn/dw_foundation.sldb'
Loading db file '/mnt/apps/public/COE/synopsys_apps/syn/T-2022.03-SP4/libraries/syn/gtech.db'
Loading db file '/mnt/apps/public/COE/synopsys_apps/syn/T-2022.03-SP4/libraries/syn/standard.sldb'
  Loading link library 'NangateOpenCellLibrary_PDKv1_2_v2008_10_slow_nldm'
  Loading link library 'gtech'
Loading verilog file '/mnt/ncsudrive/i/immoghul/Programming/ECE564/Project/564_Project/rtl/dut.v'
Running PRESTO HDLC
Compiling source file /mnt/ncsudrive/i/immoghul/Programming/ECE564/Project/564_Project/rtl/dut.v
Opening include file ../testbench//defines.vh
Warning: Could not open default SVF file /mnt/ncsudrive/i/immoghul/Programming/ECE564/Project/564_Project/synthesis/svf/default.svf for writing.

Inferred memory devices in process
	in routine Addr_Counter line 36 in file
		'/mnt/ncsudrive/i/immoghul/Programming/ECE564/Project/564_Project/rtl/dut.v'.
===============================================================================
|    Register Name    |   Type    | Width | Bus | MB | AR | AS | SR | SS | ST |
===============================================================================
|   wraparound_reg    | Flip-flop |   1   |  N  | N  | N  | N  | N  | N  | N  |
===============================================================================

Inferred memory devices in process
	in routine Addr_Counter line 41 in file
		'/mnt/ncsudrive/i/immoghul/Programming/ECE564/Project/564_Project/rtl/dut.v'.
===============================================================================
|    Register Name    |   Type    | Width | Bus | MB | AR | AS | SR | SS | ST |
===============================================================================
|    Qcounter_reg     | Flip-flop |  32   |  Y  | N  | N  | N  | N  | N  | N  |
===============================================================================

Inferred memory devices in process
	in routine Addr_Counter line 61 in file
		'/mnt/ncsudrive/i/immoghul/Programming/ECE564/Project/564_Project/rtl/dut.v'.
=================================================================================
|     Register Name     |   Type    | Width | Bus | MB | AR | AS | SR | SS | ST |
=================================================================================
|  q_input_wr_en_r_reg  | Flip-flop |   1   |  N  | N  | N  | N  | N  | N  | N  |
|  q_scratch_wr_en_reg  | Flip-flop |   1   |  N  | N  | N  | N  | N  | N  | N  |
|  q_output_wr_en_reg   | Flip-flop |   1   |  N  | N  | N  | N  | N  | N  | N  |
| q_scratch_wr_en_r_reg | Flip-flop |   1   |  N  | N  | N  | N  | N  | N  | N  |
|   q_input_wr_en_reg   | Flip-flop |   1   |  N  | N  | N  | N  | N  | N  | N  |
=================================================================================

Inferred memory devices in process
	in routine Addr_Counter line 85 in file
		'/mnt/ncsudrive/i/immoghul/Programming/ECE564/Project/564_Project/rtl/dut.v'.
===============================================================================
|    Register Name    |   Type    | Width | Bus | MB | AR | AS | SR | SS | ST |
===============================================================================
|      done_reg       | Flip-flop |   1   |  N  | N  | N  | N  | N  | N  | N  |
===============================================================================

Inferred memory devices in process
	in routine Addr_Counter line 89 in file
		'/mnt/ncsudrive/i/immoghul/Programming/ECE564/Project/564_Project/rtl/dut.v'.
===============================================================================
|    Register Name    |   Type    | Width | Bus | MB | AR | AS | SR | SS | ST |
===============================================================================
|  q_gates_addr_reg   | Flip-flop |  32   |  Y  | N  | N  | N  | N  | N  | N  |
===============================================================================

Inferred memory devices in process
	in routine Addr_Counter line 93 in file
		'/mnt/ncsudrive/i/immoghul/Programming/ECE564/Project/564_Project/rtl/dut.v'.
===============================================================================
|    Register Name    |   Type    | Width | Bus | MB | AR | AS | SR | SS | ST |
===============================================================================
|  q_input_addr_reg   | Flip-flop |  32   |  Y  | N  | N  | N  | N  | N  | N  |
===============================================================================

Inferred memory devices in process
	in routine Addr_Counter line 98 in file
		'/mnt/ncsudrive/i/immoghul/Programming/ECE564/Project/564_Project/rtl/dut.v'.
===============================================================================
|    Register Name    |   Type    | Width | Bus | MB | AR | AS | SR | SS | ST |
===============================================================================
| q_output_addr_r_reg | Flip-flop |  32   |  Y  | N  | N  | N  | N  | N  | N  |
===============================================================================

Inferred memory devices in process
	in routine Addr_Counter line 106 in file
		'/mnt/ncsudrive/i/immoghul/Programming/ECE564/Project/564_Project/rtl/dut.v'.
===============================================================================
|    Register Name    |   Type    | Width | Bus | MB | AR | AS | SR | SS | ST |
===============================================================================
| q_wr_input_addr_reg | Flip-flop |  32   |  Y  | N  | N  | N  | N  | N  | N  |
|  q_output_addr_reg  | Flip-flop |  32   |  Y  | N  | N  | N  | N  | N  | N  |
===============================================================================
Warning:  /mnt/ncsudrive/i/immoghul/Programming/ECE564/Project/564_Project/rtl/dut.v:204: signed to unsigned assignment occurs. (VER-318)

Statistics for case statements in always block at line 222 in file
	'/mnt/ncsudrive/i/immoghul/Programming/ECE564/Project/564_Project/rtl/dut.v'
===============================================
|           Line           |  full/ parallel  |
===============================================
|           233            |    auto/auto     |
===============================================

Inferred memory devices in process
	in routine MyDesign line 217 in file
		'/mnt/ncsudrive/i/immoghul/Programming/ECE564/Project/564_Project/rtl/dut.v'.
===============================================================================
|    Register Name    |   Type    | Width | Bus | MB | AR | AS | SR | SS | ST |
===============================================================================
|      state_reg      | Flip-flop |   3   |  Y  | N  | N  | N  | N  | N  | N  |
===============================================================================

Inferred memory devices in process
	in routine MyDesign line 287 in file
		'/mnt/ncsudrive/i/immoghul/Programming/ECE564/Project/564_Project/rtl/dut.v'.
===============================================================================
|    Register Name    |   Type    | Width | Bus | MB | AR | AS | SR | SS | ST |
===============================================================================
|       QM_reg        | Flip-flop |  67   |  Y  | N  | N  | N  | N  | N  | N  |
===============================================================================

Inferred memory devices in process
	in routine MyDesign line 292 in file
		'/mnt/ncsudrive/i/immoghul/Programming/ECE564/Project/564_Project/rtl/dut.v'.
===============================================================================
|    Register Name    |   Type    | Width | Bus | MB | AR | AS | SR | SS | ST |
===============================================================================
|    MCounter_reg     | Flip-flop |  64   |  Y  | N  | N  | N  | N  | N  | N  |
===============================================================================

Inferred memory devices in process
	in routine MyDesign line 298 in file
		'/mnt/ncsudrive/i/immoghul/Programming/ECE564/Project/564_Project/rtl/dut.v'.
===============================================================================
|    Register Name    |   Type    | Width | Bus | MB | AR | AS | SR | SS | ST |
===============================================================================
| q_gates_offset_reg  | Flip-flop |  128  |  Y  | N  | N  | N  | N  | N  | N  |
===============================================================================

Inferred memory devices in process
	in routine MyDesign line 304 in file
		'/mnt/ncsudrive/i/immoghul/Programming/ECE564/Project/564_Project/rtl/dut.v'.
===============================================================================
|    Register Name    |   Type    | Width | Bus | MB | AR | AS | SR | SS | ST |
===============================================================================
| rdscratch_wrinp_reg | Flip-flop |   1   |  N  | N  | N  | N  | N  | N  | N  |
===============================================================================

Inferred memory devices in process
	in routine MyDesign line 335 in file
		'/mnt/ncsudrive/i/immoghul/Programming/ECE564/Project/564_Project/rtl/dut.v'.
===============================================================================
|    Register Name    |   Type    | Width | Bus | MB | AR | AS | SR | SS | ST |
===============================================================================
|     sum_reg_reg     | Flip-flop |  128  |  Y  | N  | N  | N  | N  | N  | N  |
===============================================================================
Presto compilation completed successfully.
Current design is now '/mnt/ncsudrive/i/immoghul/Programming/ECE564/Project/564_Project/rtl/Addr_Counter.db:Addr_Counter'
Loaded 6 designs.
Current design is 'Addr_Counter'.
Addr_Counter MyDesign DW_fp_mac_inst DW_fp_mult_inst DW_fp_add_inst ArithmeticUnit
